<?xml version="1.0" encoding="UTF-8"?>
<testng-results ignored="0" total="1" passed="1" failed="0" skipped="0">
  <reporter-output>
  </reporter-output>
  <suite started-at="2021-09-15T12:13:26Z" name="Surefire suite" finished-at="2021-09-15T12:13:44Z" duration-ms="18514">
    <groups>
    </groups>
    <test started-at="2021-09-15T12:13:26Z" name="Surefire test" finished-at="2021-09-15T12:13:44Z" duration-ms="18514">
      <class name="com.uitests.homepagetest.HomePageTests">
        <test-method is-config="true" signature="launchBrowser()[pri:0, instance:com.uitests.homepagetest.HomePageTests@3754a4bf]" started-at="2021-09-15T12:13:26Z" name="launchBrowser" finished-at="2021-09-15T12:13:43Z" duration-ms="17149" status="PASS">
          <reporter-output>
          </reporter-output>
        </test-method> <!-- launchBrowser -->
        <test-method signature="verifyTitleOfHomePage()[pri:0, instance:com.uitests.homepagetest.HomePageTests@3754a4bf]" started-at="2021-09-15T12:13:43Z" name="verifyTitleOfHomePage" finished-at="2021-09-15T12:13:43Z" duration-ms="40" status="PASS">
          <reporter-output>
          </reporter-output>
        </test-method> <!-- verifyTitleOfHomePage -->
        <test-method is-config="true" signature="tearDown()[pri:0, instance:com.uitests.homepagetest.HomePageTests@3754a4bf]" started-at="2021-09-15T12:13:43Z" name="tearDown" finished-at="2021-09-15T12:13:44Z" duration-ms="1299" status="PASS">
          <reporter-output>
          </reporter-output>
        </test-method> <!-- tearDown -->
      </class> <!-- com.uitests.homepagetest.HomePageTests -->
    </test> <!-- Surefire test -->
  </suite> <!-- Surefire suite -->
</testng-results>
