<?xml version="1.0" encoding="UTF-8"?>
<testng-results ignored="0" total="1" passed="1" failed="0" skipped="0">
  <reporter-output>
  </reporter-output>
  <suite started-at="2021-09-13T11:41:32Z" name="Default suite" finished-at="2021-09-13T11:41:43Z" duration-ms="10443">
    <groups>
    </groups>
    <test started-at="2021-09-13T11:41:32Z" name="Default test" finished-at="2021-09-13T11:41:43Z" duration-ms="10443">
      <class name="com.uitests.homepagetest.HomePageTests">
        <test-method is-config="true" signature="launchBrowser()[pri:0, instance:com.uitests.homepagetest.HomePageTests@78aa1f72]" started-at="2021-09-13T11:41:32Z" name="launchBrowser" finished-at="2021-09-13T11:41:41Z" duration-ms="9124" status="PASS">
          <reporter-output>
          </reporter-output>
        </test-method> <!-- launchBrowser -->
        <test-method signature="verifyTitleOfHomePage()[pri:0, instance:com.uitests.homepagetest.HomePageTests@78aa1f72]" started-at="2021-09-13T11:41:41Z" name="verifyTitleOfHomePage" finished-at="2021-09-13T11:41:41Z" duration-ms="19" status="PASS">
          <reporter-output>
          </reporter-output>
        </test-method> <!-- verifyTitleOfHomePage -->
        <test-method is-config="true" signature="tearDown()[pri:0, instance:com.uitests.homepagetest.HomePageTests@78aa1f72]" started-at="2021-09-13T11:41:41Z" name="tearDown" finished-at="2021-09-13T11:41:43Z" duration-ms="1255" status="PASS">
          <reporter-output>
          </reporter-output>
        </test-method> <!-- tearDown -->
      </class> <!-- com.uitests.homepagetest.HomePageTests -->
    </test> <!-- Default test -->
  </suite> <!-- Default suite -->
</testng-results>
